<?xml version="1.0" encoding="UTF-8"?>
<!-- Generated by org.testng.reporters.JUnitReportReporter -->
<testsuite hostname="DESKTOP-LIF5TJ1" failures="0" tests="1" name="com.opensource.admin.qa.TC001_Admin_SearchEmployee" time="5.300" errors="0" timestamp="2021-02-13T11:34:05 CST" skipped="0">
  <testcase classname="com.opensource.admin.qa.TC001_Admin_SearchEmployee" name="TC001_Admin_SearchEmployee_tc" time="5.300"/>
  <system-out>
Open Browser "OrangeHRM" web page Enter Username and Password  </system-out>
</testsuite> <!-- com.opensource.admin.qa.TC001_Admin_SearchEmployee -->
